c:\2022-2023\_gameplayprogramming\_exam\gpp_exam\researchtopic\researchproject\researchproject\x64\release\researchproject.pch
c:\2022-2023\_gameplayprogramming\_exam\gpp_exam\researchtopic\researchproject\researchproject\x64\release\vc143.pdb
c:\2022-2023\_gameplayprogramming\_exam\gpp_exam\researchtopic\researchproject\researchproject\x64\release\pch.obj
c:\2022-2023\_gameplayprogramming\_exam\gpp_exam\researchtopic\researchproject\researchproject\x64\release\vector3.obj
c:\2022-2023\_gameplayprogramming\_exam\gpp_exam\researchtopic\researchproject\researchproject\x64\release\vector2f.obj
c:\2022-2023\_gameplayprogramming\_exam\gpp_exam\researchtopic\researchproject\researchproject\x64\release\utils.obj
c:\2022-2023\_gameplayprogramming\_exam\gpp_exam\researchtopic\researchproject\researchproject\x64\release\texture.obj
c:\2022-2023\_gameplayprogramming\_exam\gpp_exam\researchtopic\researchproject\researchproject\x64\release\structs.obj
c:\2022-2023\_gameplayprogramming\_exam\gpp_exam\researchtopic\researchproject\researchproject\x64\release\matrix2x3.obj
c:\2022-2023\_gameplayprogramming\_exam\gpp_exam\researchtopic\researchproject\researchproject\x64\release\main.obj
c:\2022-2023\_gameplayprogramming\_exam\gpp_exam\researchtopic\researchproject\researchproject\x64\release\game.obj
c:\2022-2023\_gameplayprogramming\_exam\gpp_exam\researchtopic\researchproject\researchproject\x64\release\core.obj
c:\2022-2023\_gameplayprogramming\_exam\gpp_exam\researchtopic\researchproject\x64\release\researchproject.exe
c:\2022-2023\_gameplayprogramming\_exam\gpp_exam\researchtopic\researchproject\researchproject\x64\release\researchproject.ipdb
c:\2022-2023\_gameplayprogramming\_exam\gpp_exam\researchtopic\researchproject\x64\release\researchproject.pdb
c:\2022-2023\_gameplayprogramming\_exam\gpp_exam\researchtopic\researchproject\researchproject\x64\release\researchproject.iobj
c:\2022-2023\_gameplayprogramming\_exam\gpp_exam\researchtopic\researchproject\researchproject\x64\release\researchproject.tlog\cl.command.1.tlog
c:\2022-2023\_gameplayprogramming\_exam\gpp_exam\researchtopic\researchproject\researchproject\x64\release\researchproject.tlog\cl.read.1.tlog
c:\2022-2023\_gameplayprogramming\_exam\gpp_exam\researchtopic\researchproject\researchproject\x64\release\researchproject.tlog\cl.write.1.tlog
c:\2022-2023\_gameplayprogramming\_exam\gpp_exam\researchtopic\researchproject\researchproject\x64\release\researchproject.tlog\link.command.1.tlog
c:\2022-2023\_gameplayprogramming\_exam\gpp_exam\researchtopic\researchproject\researchproject\x64\release\researchproject.tlog\link.read.1.tlog
c:\2022-2023\_gameplayprogramming\_exam\gpp_exam\researchtopic\researchproject\researchproject\x64\release\researchproject.tlog\link.write.1.tlog
